<?xml version="1.0" encoding="UTF-8" ?>
<testsuite tests="15" failures="0" name="com.dpj.TestSpring" time="0.609" errors="0" skipped="0">
  <properties>
[...]
</properties>
  <testcase classname="com.dpj.TestSpring" name="com.dpj.TestSpring.test02" time="0.326"/>
  <testcase classname="com.dpj.TestSpring" name="com.dpj.TestSpring.test15" time="0.027"/>
  <testcase classname="com.dpj.TestSpring" name="com.dpj.TestSpring.test01" time="0.021"/>
  <testcase classname="com.dpj.TestSpring" name="com.dpj.TestSpring.test10" time="0.029"/>
  <testcase classname="com.dpj.TestSpring" name="com.dpj.TestSpring.test11" time="0.023"/>
  <testcase classname="com.dpj.TestSpring" name="com.dpj.TestSpring.test06" time="0.017"/>
  <testcase classname="com.dpj.TestSpring" name="com.dpj.TestSpring.test07" time="0.017"/>
  <testcase classname="com.dpj.TestSpring" name="com.dpj.TestSpring.test13" time="0.019"/>
  <testcase classname="com.dpj.TestSpring" name="com.dpj.TestSpring.test19" time="0.024"/>
  <testcase classname="com.dpj.TestSpring" name="com.dpj.TestSpring.test14" time="0.015"/>
  <testcase classname="com.dpj.TestSpring" name="com.dpj.TestSpring.test09" time="0.018"/>
  <testcase classname="com.dpj.TestSpring" name="com.dpj.TestSpring.test04" time="0.017"/>
  <testcase classname="com.dpj.TestSpring" name="com.dpj.TestSpring.test12" time="0.02"/>
  <testcase classname="com.dpj.TestSpring" name="com.dpj.TestSpring.test03" time="0.015"/>
  <testcase classname="com.dpj.TestSpring" name="com.dpj.TestSpring.test18" time="0.021"/>
</testsuite>